Script started at 2025-07-06 14:46:19
3: Connection: opening to localhost:1025, timeout=300, options=array()
3: Connection: opened
2: SERVER -> CLIENT: 220 mailhog.example ESMTP MailHog

1: CLIENT -> SERVER: EHLO Kumars-MacBook-Pro.local

2: SERVER -> CLIENT: 250-Hello Kumars-MacBook-Pro.local
250-PIPELINING
250 AUTH PLAIN

1: CLIENT -> SERVER: STARTTLS

2: SERVER -> CLIENT: 500 Unrecognised command

1: SMTP ERROR: STARTTLS command failed: 500 Unrecognised command

3: SMTP Error: Could not connect to SMTP host. STARTTLS command failed Unrecognised command

1: CLIENT -> SERVER: QUIT

2: SERVER -> CLIENT: 221 Bye

3: Connection: closed
3: SMTP Error: Could not connect to SMTP host. STARTTLS command failed Unrecognised command

Mailer Error: SMTP Error: Could not connect to SMTP host. STARTTLS command failed Unrecognised command

Script started at 2025-07-06 14:49:15
3: Connection: opening to localhost:1025, timeout=300, options=array()
3: Connection: opened
2: SERVER -> CLIENT: 220 mailhog.example ESMTP MailHog

1: CLIENT -> SERVER: EHLO Kumars-MacBook-Pro.local

2: SERVER -> CLIENT: 250-Hello Kumars-MacBook-Pro.local
250-PIPELINING
250 AUTH PLAIN

1: CLIENT -> SERVER: STARTTLS

2: SERVER -> CLIENT: 500 Unrecognised command

1: SMTP ERROR: STARTTLS command failed: 500 Unrecognised command

3: SMTP Error: Could not connect to SMTP host. STARTTLS command failed Unrecognised command

1: CLIENT -> SERVER: QUIT

2: SERVER -> CLIENT: 221 Bye

3: Connection: closed
3: SMTP Error: Could not connect to SMTP host. STARTTLS command failed Unrecognised command

Mailer Error: SMTP Error: Could not connect to SMTP host. STARTTLS command failed Unrecognised command

Script started at 2025-07-06 14:52:18
3: Connection: opening to localhost:1025, timeout=300, options=array()
3: Connection: opened
2: SERVER -> CLIENT: 220 mailhog.example ESMTP MailHog

1: CLIENT -> SERVER: EHLO Kumars-MacBook-Pro.local

2: SERVER -> CLIENT: 250-Hello Kumars-MacBook-Pro.local
250-PIPELINING
250 AUTH PLAIN

1: CLIENT -> SERVER: STARTTLS

2: SERVER -> CLIENT: 500 Unrecognised command

1: SMTP ERROR: STARTTLS command failed: 500 Unrecognised command

3: SMTP Error: Could not connect to SMTP host. STARTTLS command failed Unrecognised command

1: CLIENT -> SERVER: QUIT

2: SERVER -> CLIENT: 221 Bye

3: Connection: closed
3: SMTP Error: Could not connect to SMTP host. STARTTLS command failed Unrecognised command

Mailer Error: SMTP Error: Could not connect to SMTP host. STARTTLS command failed Unrecognised command

Script started at 2025-07-06 14:53:53
3: Connection: opening to localhost:1025, timeout=300, options=array()
3: Connection: opened
2: SERVER -> CLIENT: 220 mailhog.example ESMTP MailHog

1: CLIENT -> SERVER: EHLO Kumars-MacBook-Pro.local

2: SERVER -> CLIENT: 250-Hello Kumars-MacBook-Pro.local
250-PIPELINING
250 AUTH PLAIN

1: CLIENT -> SERVER: STARTTLS

2: SERVER -> CLIENT: 500 Unrecognised command

1: SMTP ERROR: STARTTLS command failed: 500 Unrecognised command

3: SMTP Error: Could not connect to SMTP host. STARTTLS command failed Unrecognised command

1: CLIENT -> SERVER: QUIT

2: SERVER -> CLIENT: 221 Bye

3: Connection: closed
3: SMTP Error: Could not connect to SMTP host. STARTTLS command failed Unrecognised command

Mailer Error: SMTP Error: Could not connect to SMTP host. STARTTLS command failed Unrecognised command

Script started at 2025-07-06 15:31:47
3: Connection: opening to localhost:1025, timeout=300, options=array()
3: Connection: opened
2: SERVER -> CLIENT: 220 mailhog.example ESMTP MailHog

1: CLIENT -> SERVER: EHLO Kumars-MacBook-Pro.local

2: SERVER -> CLIENT: 250-Hello Kumars-MacBook-Pro.local
250-PIPELINING
250 AUTH PLAIN

1: CLIENT -> SERVER: STARTTLS

2: SERVER -> CLIENT: 500 Unrecognised command

1: SMTP ERROR: STARTTLS command failed: 500 Unrecognised command

3: SMTP Error: Could not connect to SMTP host. STARTTLS command failed Unrecognised command

1: CLIENT -> SERVER: QUIT

2: SERVER -> CLIENT: 221 Bye

3: Connection: closed
3: SMTP Error: Could not connect to SMTP host. STARTTLS command failed Unrecognised command

Mailer Error: SMTP Error: Could not connect to SMTP host. STARTTLS command failed Unrecognised command

Script started at 2025-07-06 15:31:57
3: Connection: opening to localhost:1025, timeout=300, options=array()
3: Connection: opened
2: SERVER -> CLIENT: 220 mailhog.example ESMTP MailHog

1: CLIENT -> SERVER: EHLO Kumars-MacBook-Pro.local

2: SERVER -> CLIENT: 250-Hello Kumars-MacBook-Pro.local
250-PIPELINING
250 AUTH PLAIN

1: CLIENT -> SERVER: STARTTLS

2: SERVER -> CLIENT: 500 Unrecognised command

1: SMTP ERROR: STARTTLS command failed: 500 Unrecognised command

3: SMTP Error: Could not connect to SMTP host. STARTTLS command failed Unrecognised command

1: CLIENT -> SERVER: QUIT

2: SERVER -> CLIENT: 221 Bye

3: Connection: closed
3: SMTP Error: Could not connect to SMTP host. STARTTLS command failed Unrecognised command

Mailer Error: SMTP Error: Could not connect to SMTP host. STARTTLS command failed Unrecognised command

Script started at 2025-07-06 15:36:58
3: Connection: opening to localhost:1025, timeout=300, options=array()
3: Connection: opened
2: SERVER -> CLIENT: 220 mailhog.example ESMTP MailHog

1: CLIENT -> SERVER: EHLO Kumars-MacBook-Pro.local

2: SERVER -> CLIENT: 250-Hello Kumars-MacBook-Pro.local
250-PIPELINING
250 AUTH PLAIN

1: CLIENT -> SERVER: MAIL FROM:<brac.arup@gmail.com>

2: SERVER -> CLIENT: 250 Sender brac.arup@gmail.com ok

1: CLIENT -> SERVER: RCPT TO:<brac.arup@gmail.com>

2: SERVER -> CLIENT: 250 Recipient brac.arup@gmail.com ok

1: CLIENT -> SERVER: DATA

2: SERVER -> CLIENT: 354 End data with <CR><LF>.<CR><LF>

1: CLIENT -> SERVER: Date: Sun, 6 Jul 2025 15:36:58 +0000

1: CLIENT -> SERVER: To: brac.arup@gmail.com

1: CLIENT -> SERVER: From: Localhost Test <brac.arup@gmail.com>

1: CLIENT -> SERVER: Subject: Test from MAMP Localhost

1: CLIENT -> SERVER: Message-ID: <bCHxDR2FE3nFO0C7QqzsNFLD3wxsTRxY29WLvi1yM8@Kumars-MacBook-Pro.local>

1: CLIENT -> SERVER: X-Mailer: PHPMailer 6.10.0 (https://github.com/PHPMailer/PHPMailer)

1: CLIENT -> SERVER: MIME-Version: 1.0

1: CLIENT -> SERVER: Content-Type: text/plain; charset=iso-8859-1

1: CLIENT -> SERVER: 

1: CLIENT -> SERVER: This email was sent from MAMP localhost!

1: CLIENT -> SERVER: 

1: CLIENT -> SERVER: .

2: SERVER -> CLIENT: 250 Ok: queued as njMkFRrbznDVaWujeprKLEjjnWgDvaPXQ6Vk0lNkNAA=@mailhog.example

1: CLIENT -> SERVER: QUIT

2: SERVER -> CLIENT: 221 Bye

3: Connection: closed
Email sent successfully!
Script started at 2025-07-06 15:43:20
2: SERVER -> CLIENT: 220 smtp.gmail.com ESMTP ffacd0b85a97d-3b471b97515sm7867029f8f.62 - gsmtp

1: CLIENT -> SERVER: EHLO Kumars-MacBook-Pro.local

2: SERVER -> CLIENT: 250-smtp.gmail.com at your service, [2001:8a0:dffc:f100:bcd8:bfca:cbf8:c0b8]
250-SIZE 36700160
250-8BITMIME
250-STARTTLS
250-ENHANCEDSTATUSCODES
250-PIPELINING
250-CHUNKING
250 SMTPUTF8

1: CLIENT -> SERVER: STARTTLS

2: SERVER -> CLIENT: 220 2.0.0 Ready to start TLS

1: CLIENT -> SERVER: EHLO Kumars-MacBook-Pro.local

2: SERVER -> CLIENT: 250-smtp.gmail.com at your service, [2001:8a0:dffc:f100:bcd8:bfca:cbf8:c0b8]
250-SIZE 36700160
250-8BITMIME
250-AUTH LOGIN PLAIN XOAUTH2 PLAIN-CLIENTTOKEN OAUTHBEARER XOAUTH
250-ENHANCEDSTATUSCODES
250-PIPELINING
250-CHUNKING
250 SMTPUTF8

1: CLIENT -> SERVER: AUTH LOGIN

2: SERVER -> CLIENT: 334 VXNlcm5hbWU6

1: CLIENT -> SERVER: [credentials hidden]
2: SERVER -> CLIENT: 334 UGFzc3dvcmQ6

1: CLIENT -> SERVER: [credentials hidden]
2: SERVER -> CLIENT: 235 2.7.0 Accepted

1: CLIENT -> SERVER: MAIL FROM:<brac.arup@gmail.com>

2: SERVER -> CLIENT: 250 2.1.0 OK ffacd0b85a97d-3b471b97515sm7867029f8f.62 - gsmtp

1: CLIENT -> SERVER: RCPT TO:<brac.arup@gmail.com>

2: SERVER -> CLIENT: 250 2.1.5 OK ffacd0b85a97d-3b471b97515sm7867029f8f.62 - gsmtp

1: CLIENT -> SERVER: DATA

2: SERVER -> CLIENT: 354 Go ahead ffacd0b85a97d-3b471b97515sm7867029f8f.62 - gsmtp

1: CLIENT -> SERVER: Date: Sun, 6 Jul 2025 15:43:20 +0000

1: CLIENT -> SERVER: To: Recipient Name <brac.arup@gmail.com>

1: CLIENT -> SERVER: From: Your Name <brac.arup@gmail.com>

1: CLIENT -> SERVER: Subject: Test Email from PHP Script

1: CLIENT -> SERVER: Message-ID: <9Zb3L0wtsfj7OyUlZhcnU8iEwNJyKupnZwPzcMKFJA@Kumars-MacBook-Pro.local>

1: CLIENT -> SERVER: X-Mailer: PHPMailer 6.10.0 (https://github.com/PHPMailer/PHPMailer)

1: CLIENT -> SERVER: MIME-Version: 1.0

1: CLIENT -> SERVER: Content-Type: multipart/alternative;

1: CLIENT -> SERVER:  boundary="b1=_9Zb3L0wtsfj7OyUlZhcnU8iEwNJyKupnZwPzcMKFJA"

1: CLIENT -> SERVER: Content-Transfer-Encoding: 8bit

1: CLIENT -> SERVER: 

1: CLIENT -> SERVER: --b1=_9Zb3L0wtsfj7OyUlZhcnU8iEwNJyKupnZwPzcMKFJA

1: CLIENT -> SERVER: Content-Type: text/plain; charset=us-ascii

1: CLIENT -> SERVER: 

1: CLIENT -> SERVER: This is a plain-text version for non-HTML clients

1: CLIENT -> SERVER: 

1: CLIENT -> SERVER: --b1=_9Zb3L0wtsfj7OyUlZhcnU8iEwNJyKupnZwPzcMKFJA

1: CLIENT -> SERVER: Content-Type: text/html; charset=us-ascii

1: CLIENT -> SERVER: 

1: CLIENT -> SERVER: This is a test email sent from PHP using Gmail SMTP!

1: CLIENT -> SERVER: 

1: CLIENT -> SERVER: 

1: CLIENT -> SERVER: --b1=_9Zb3L0wtsfj7OyUlZhcnU8iEwNJyKupnZwPzcMKFJA--

1: CLIENT -> SERVER: 

1: CLIENT -> SERVER: .

2: SERVER -> CLIENT: 250 2.0.0 OK  1751816602 ffacd0b85a97d-3b471b97515sm7867029f8f.62 - gsmtp

1: CLIENT -> SERVER: QUIT

2: SERVER -> CLIENT: 221 2.0.0 closing connection ffacd0b85a97d-3b471b97515sm7867029f8f.62 - gsmtp

Email sent successfully!
Script started at 2025-07-06 15:56:58
2: SERVER -> CLIENT: 220 smtp.gmail.com ESMTP 5b1f17b1804b1-454a9969058sm116360385e9.3 - gsmtp

1: CLIENT -> SERVER: EHLO Kumars-MacBook-Pro.local

2: SERVER -> CLIENT: 250-smtp.gmail.com at your service, [2001:8a0:dffc:f100:bcd8:bfca:cbf8:c0b8]
250-SIZE 36700160
250-8BITMIME
250-STARTTLS
250-ENHANCEDSTATUSCODES
250-PIPELINING
250-CHUNKING
250 SMTPUTF8

1: CLIENT -> SERVER: STARTTLS

2: SERVER -> CLIENT: 220 2.0.0 Ready to start TLS

1: CLIENT -> SERVER: EHLO Kumars-MacBook-Pro.local

2: SERVER -> CLIENT: 250-smtp.gmail.com at your service, [2001:8a0:dffc:f100:bcd8:bfca:cbf8:c0b8]
250-SIZE 36700160
250-8BITMIME
250-AUTH LOGIN PLAIN XOAUTH2 PLAIN-CLIENTTOKEN OAUTHBEARER XOAUTH
250-ENHANCEDSTATUSCODES
250-PIPELINING
250-CHUNKING
250 SMTPUTF8

1: CLIENT -> SERVER: AUTH LOGIN

2: SERVER -> CLIENT: 334 VXNlcm5hbWU6

1: CLIENT -> SERVER: [credentials hidden]
2: SERVER -> CLIENT: 334 UGFzc3dvcmQ6

1: CLIENT -> SERVER: [credentials hidden]
2: SERVER -> CLIENT: 235 2.7.0 Accepted

1: CLIENT -> SERVER: MAIL FROM:<brac.arup@gmail.com>

2: SERVER -> CLIENT: 250 2.1.0 OK 5b1f17b1804b1-454a9969058sm116360385e9.3 - gsmtp

1: CLIENT -> SERVER: RCPT TO:<brac.arup@gmail.com>

2: SERVER -> CLIENT: 250 2.1.5 OK 5b1f17b1804b1-454a9969058sm116360385e9.3 - gsmtp

1: CLIENT -> SERVER: DATA

2: SERVER -> CLIENT: 354 Go ahead 5b1f17b1804b1-454a9969058sm116360385e9.3 - gsmtp

1: CLIENT -> SERVER: Date: Sun, 6 Jul 2025 15:56:58 +0000

1: CLIENT -> SERVER: To: Recipient Name <brac.arup@gmail.com>

1: CLIENT -> SERVER: From: Your Name <brac.arup@gmail.com>

1: CLIENT -> SERVER: Subject: Test Email from PHP Script

1: CLIENT -> SERVER: Message-ID: <NM9rGsMX5VkmlgfQW5shCCFPnl0e03VuwbjAgw9ZXjc@Kumars-MacBook-Pro.local>

1: CLIENT -> SERVER: X-Mailer: PHPMailer 6.10.0 (https://github.com/PHPMailer/PHPMailer)

1: CLIENT -> SERVER: MIME-Version: 1.0

1: CLIENT -> SERVER: Content-Type: multipart/alternative;

1: CLIENT -> SERVER:  boundary="b1=_NM9rGsMX5VkmlgfQW5shCCFPnl0e03VuwbjAgw9ZXjc"

1: CLIENT -> SERVER: Content-Transfer-Encoding: 8bit

1: CLIENT -> SERVER: 

1: CLIENT -> SERVER: --b1=_NM9rGsMX5VkmlgfQW5shCCFPnl0e03VuwbjAgw9ZXjc

1: CLIENT -> SERVER: Content-Type: text/plain; charset=us-ascii

1: CLIENT -> SERVER: 

1: CLIENT -> SERVER: This is a plain-text version for non-HTML clients

1: CLIENT -> SERVER: 

1: CLIENT -> SERVER: --b1=_NM9rGsMX5VkmlgfQW5shCCFPnl0e03VuwbjAgw9ZXjc

1: CLIENT -> SERVER: Content-Type: text/html; charset=us-ascii

1: CLIENT -> SERVER: 

1: CLIENT -> SERVER: This is a test email sent from PHP using Gmail SMTP!

1: CLIENT -> SERVER: 

1: CLIENT -> SERVER: 

1: CLIENT -> SERVER: --b1=_NM9rGsMX5VkmlgfQW5shCCFPnl0e03VuwbjAgw9ZXjc--

1: CLIENT -> SERVER: 

1: CLIENT -> SERVER: .

2: SERVER -> CLIENT: 250 2.0.0 OK  1751817420 5b1f17b1804b1-454a9969058sm116360385e9.3 - gsmtp

1: CLIENT -> SERVER: QUIT

2: SERVER -> CLIENT: 221 2.0.0 closing connection 5b1f17b1804b1-454a9969058sm116360385e9.3 - gsmtp

Email sent successfully!
WEB SCRIPT START: 2025-07-06 16:05:50
2: SERVER -> CLIENT: 220 smtp.gmail.com ESMTP 5b1f17b1804b1-454b16288b5sm87246685e9.9 - gsmtp

1: CLIENT -> SERVER: EHLO Kumars-MacBook-Pro.local

2: SERVER -> CLIENT: 250-smtp.gmail.com at your service, [2001:8a0:dffc:f100:bcd8:bfca:cbf8:c0b8]
250-SIZE 36700160
250-8BITMIME
250-STARTTLS
250-ENHANCEDSTATUSCODES
250-PIPELINING
250-CHUNKING
250 SMTPUTF8

1: CLIENT -> SERVER: STARTTLS

2: SERVER -> CLIENT: 220 2.0.0 Ready to start TLS

1: CLIENT -> SERVER: EHLO Kumars-MacBook-Pro.local

2: SERVER -> CLIENT: 250-smtp.gmail.com at your service, [2001:8a0:dffc:f100:bcd8:bfca:cbf8:c0b8]
250-SIZE 36700160
250-8BITMIME
250-AUTH LOGIN PLAIN XOAUTH2 PLAIN-CLIENTTOKEN OAUTHBEARER XOAUTH
250-ENHANCEDSTATUSCODES
250-PIPELINING
250-CHUNKING
250 SMTPUTF8

1: CLIENT -> SERVER: AUTH LOGIN

2: SERVER -> CLIENT: 334 VXNlcm5hbWU6

1: CLIENT -> SERVER: [credentials hidden]
2: SERVER -> CLIENT: 334 UGFzc3dvcmQ6

1: CLIENT -> SERVER: [credentials hidden]
2: SERVER -> CLIENT: 235 2.7.0 Accepted

1: CLIENT -> SERVER: MAIL FROM:<brac.arup@gmail.com>

2: SERVER -> CLIENT: 250 2.1.0 OK 5b1f17b1804b1-454b16288b5sm87246685e9.9 - gsmtp

1: CLIENT -> SERVER: RCPT TO:<brac.arup@gmail.com>

2: SERVER -> CLIENT: 250 2.1.5 OK 5b1f17b1804b1-454b16288b5sm87246685e9.9 - gsmtp

1: CLIENT -> SERVER: DATA

2: SERVER -> CLIENT: 354 Go ahead 5b1f17b1804b1-454b16288b5sm87246685e9.9 - gsmtp

1: CLIENT -> SERVER: Date: Sun, 6 Jul 2025 16:05:50 +0000

1: CLIENT -> SERVER: To: brac.arup@gmail.com

1: CLIENT -> SERVER: From: Web Test <brac.arup@gmail.com>

1: CLIENT -> SERVER: Subject: Test from Browser

1: CLIENT -> SERVER: Message-ID: <f3eCTGOp0bStFdQWBYPau1lRAGL2G2YmbI3A860wo@Kumars-MacBook-Pro.local>

1: CLIENT -> SERVER: X-Mailer: PHPMailer 6.10.0 (https://github.com/PHPMailer/PHPMailer)

1: CLIENT -> SERVER: MIME-Version: 1.0

1: CLIENT -> SERVER: Content-Type: text/plain; charset=iso-8859-1

1: CLIENT -> SERVER: 

1: CLIENT -> SERVER: This email was sent from a browser request!

1: CLIENT -> SERVER: 

1: CLIENT -> SERVER: .

2: SERVER -> CLIENT: 250 2.0.0 OK  1751817952 5b1f17b1804b1-454b16288b5sm87246685e9.9 - gsmtp

1: CLIENT -> SERVER: QUIT

2: SERVER -> CLIENT: 221 2.0.0 closing connection 5b1f17b1804b1-454b16288b5sm87246685e9.9 - gsmtp

WEB: Email sent successfully!
